<?xml version="1.0" encoding="UTF-8"?>
<!-- Generated by org.testng.reporters.JUnitReportReporter -->
<testsuite skipped="0" hostname="DESKTOP-APRU6N4" name="com.nopcommerce.testCases.TC_LoginTest_001" tests="1" failures="0" timestamp="15 Jul 2020 19:10:24 GMT" time="13.437" errors="0">
  <testcase name="loginTest" time="13.437" classname="com.nopcommerce.testCases.TC_LoginTest_001"/>
</testsuite> <!-- com.nopcommerce.testCases.TC_LoginTest_001 -->
