<?xml version="1.0" encoding="UTF-8"?>
<!-- Generated by org.testng.reporters.JUnitReportReporter -->
<testsuite skipped="0" hostname="DESKTOP-APRU6N4" name="com.sapregistration.testCases.TC_Registration_0001" tests="1" failures="0" timestamp="24 Jul 2020 19:39:03 GMT" time="18.443" errors="0">
  <testcase name="verifyRegistration" time="18.443" classname="com.sapregistration.testCases.TC_Registration_0001"/>
</testsuite> <!-- com.sapregistration.testCases.TC_Registration_0001 -->
