<?xml version="1.0" encoding="UTF-8"?>
<!-- Generated by org.testng.reporters.JUnitReportReporter -->
<testsuite skipped="0" hostname="DESKTOP-APRU6N4" name="com.sapregistration.testCases.TC_Registration_0001" tests="1" failures="0" timestamp="31 Jul 2020 07:32:10 GMT" time="17.222" errors="0">
  <testcase name="verifyRegistration" time="17.222" classname="com.sapregistration.testCases.TC_Registration_0001"/>
</testsuite> <!-- com.sapregistration.testCases.TC_Registration_0001 -->
